14:10:45 DEBUG : Logs will be stored at '/home/pedro/Documents/github/Dissertation/training/microzed_labs_vitis_ws/IDE.log'.
14:10:48 INFO  : Launching XSCT server: xsct -n  -interactive /home/pedro/Documents/github/Dissertation/training/microzed_labs_vitis_ws/temp_xsdb_launch_script.tcl
14:10:49 INFO  : Registering command handlers for Vitis TCF services
14:10:50 INFO  : Platform repository initialization has completed.
14:10:54 INFO  : XSCT server has started successfully.
14:10:54 INFO  : Successfully done setting XSCT server connection channel  
14:10:55 INFO  : plnx-install-location is set to ''
14:10:55 INFO  : Successfully done setting workspace for the tool. 
14:10:55 INFO  : Successfully done query RDI_DATADIR 
14:14:41 INFO  : Result from executing command 'getProjects': microzed_labs_platform
14:14:41 INFO  : Result from executing command 'getPlatforms': xilinx_zcu102_base_202220_1|/tools/Xilinx/Vitis/2022.2/base_platforms/xilinx_zcu102_base_202220_1/xilinx_zcu102_base_202220_1.xpfm;xilinx_zcu102_base_dfx_202220_1|/tools/Xilinx/Vitis/2022.2/base_platforms/xilinx_zcu102_base_dfx_202220_1/xilinx_zcu102_base_dfx_202220_1.xpfm;xilinx_zcu104_base_202220_1|/tools/Xilinx/Vitis/2022.2/base_platforms/xilinx_zcu104_base_202220_1/xilinx_zcu104_base_202220_1.xpfm
14:15:31 INFO  : No changes in MSS file content so sources will not be generated.
14:16:22 INFO  : Result from executing command 'getProjects': microzed_labs_platform
14:16:22 INFO  : Result from executing command 'getPlatforms': microzed_labs_platform|/home/pedro/Documents/github/Dissertation/training/microzed_labs_vitis_ws/microzed_labs_platform/export/microzed_labs_platform/microzed_labs_platform.xpfm;xilinx_zcu102_base_202220_1|/tools/Xilinx/Vitis/2022.2/base_platforms/xilinx_zcu102_base_202220_1/xilinx_zcu102_base_202220_1.xpfm;xilinx_zcu102_base_dfx_202220_1|/tools/Xilinx/Vitis/2022.2/base_platforms/xilinx_zcu102_base_dfx_202220_1/xilinx_zcu102_base_dfx_202220_1.xpfm;xilinx_zcu104_base_202220_1|/tools/Xilinx/Vitis/2022.2/base_platforms/xilinx_zcu104_base_202220_1/xilinx_zcu104_base_202220_1.xpfm
14:19:35 INFO  : Checking for BSP changes to sync application flags for project 'microzed_lab2_application'...
14:25:40 INFO  : Invoking Bootgen: bootgen -image boot_lab2.bif -arch zynq -o /home/pedro/Documents/github/Dissertation/training/bootfiles/BOOT.bin -w on
14:25:40 INFO  : Overwriting existing bif file /home/pedro/Documents/github/Dissertation/training/bootfiles/boot_lab2.bif
14:25:43 INFO  : Bootgen command execution is done.
14:31:57 INFO  : Checking for BSP changes to sync application flags for project 'microzed_lab2_application'...
14:33:33 INFO  : Invoking Bootgen: bootgen -image boot_lab2.bif -arch zynq -o /home/pedro/Documents/github/Dissertation/training/bootfiles/BOOT.bin -w on
14:33:33 INFO  : Overwriting existing bif file /home/pedro/Documents/github/Dissertation/training/bootfiles/boot_lab2.bif
14:33:36 INFO  : Bootgen command execution is done.
12:53:41 DEBUG : Logs will be stored at 'C:/Users/pcost/Documents/github/Dissertation/training/microzed_labs_vitis_ws/IDE.log'.
12:53:41 INFO  : Launching XSCT server: xsct.bat -n  -interactive C:\Users\pcost\Documents\github\Dissertation\training\microzed_labs_vitis_ws\temp_xsdb_launch_script.tcl
12:53:49 INFO  : Registering command handlers for Vitis TCF services
12:53:50 INFO  : XSCT server has started successfully.
12:53:50 INFO  : plnx-install-location is set to ''
12:53:51 INFO  : Platform repository initialization has completed.
12:53:56 INFO  : Successfully done setting XSCT server connection channel  
12:53:56 INFO  : Successfully done setting workspace for the tool. 
12:53:56 INFO  : Successfully done query RDI_DATADIR 
12:54:53 INFO  : Result from executing command 'getProjects': microzed_labs_platform
12:54:53 INFO  : Result from executing command 'getPlatforms': xilinx_vck190_base_202220_1|E:/Pedro/Programs/Xilinx/Vitis/2022.2/base_platforms/xilinx_vck190_base_202220_1/xilinx_vck190_base_202220_1.xpfm;xilinx_vck190_base_dfx_202220_1|E:/Pedro/Programs/Xilinx/Vitis/2022.2/base_platforms/xilinx_vck190_base_dfx_202220_1/xilinx_vck190_base_dfx_202220_1.xpfm;xilinx_vmk180_base_202220_1|E:/Pedro/Programs/Xilinx/Vitis/2022.2/base_platforms/xilinx_vmk180_base_202220_1/xilinx_vmk180_base_202220_1.xpfm;xilinx_zcu102_base_202220_1|E:/Pedro/Programs/Xilinx/Vitis/2022.2/base_platforms/xilinx_zcu102_base_202220_1/xilinx_zcu102_base_202220_1.xpfm;xilinx_zcu102_base_dfx_202220_1|E:/Pedro/Programs/Xilinx/Vitis/2022.2/base_platforms/xilinx_zcu102_base_dfx_202220_1/xilinx_zcu102_base_dfx_202220_1.xpfm;xilinx_zcu104_base_202220_1|E:/Pedro/Programs/Xilinx/Vitis/2022.2/base_platforms/xilinx_zcu104_base_202220_1/xilinx_zcu104_base_202220_1.xpfm
12:54:54 INFO  : Checking for BSP changes to sync application flags for project 'microzed_lab2_application'...
12:54:58 INFO  : Updating application flags with new BSP settings...
12:54:58 INFO  : Successfully updated application flags for project microzed_lab2_application.
12:55:49 INFO  : Checking for BSP changes to sync application flags for project 'microzed_lab2_application'...
12:58:52 INFO  : Invoking Bootgen: bootgen -image boot_lab2.bif -arch zynq -o C:/Users/pcost/Documents/github/Dissertation/training/bootfiles/BOOT.bin -w on
12:58:52 INFO  : Overwriting existing bif file C:\Users\pcost\Documents\github\Dissertation\training\bootfiles\boot_lab2.bif
12:58:55 INFO  : Bootgen command execution is done.
13:03:07 ERROR : (XRT Server)E:/Pedro/Programs/Xilinx/Vitis/2022.2/bin/unwrap
13:03:07 ERROR : (XRT Server)ped/win64.o/xrt_server.exe: error: illegal option '-'
Usage: agent [OPTION]...
Start Target Communication Framework agent.
  -d               run in daemon mode (output is sent to system logger)
  -i               run in interactive mode
  -L<file>         enable logging, use -L- to send log to stderr
  -l<level>        set log level, the level is comma separated list of:
      alloc        memory allocation and deallocation (0x1)
      eventcore    main event queue (0x2)
      waitpid      waitpid() events (0x4)
      events       low-level debugger events (0x8)
      protocol     communication protocol (0x20)
      context      debug context actions (0x40)
      children     debug context children (0x10)
      discovery    discovery (0x80)
      asyncreq     async I/O (0x100)
      proxy        proxy state (0x200)
      tcflog       proxy traffic (0x400)
      elf          ELF reader (0x800)
      stack        stack trace service (0x2000)
      plugin       plugins (0x4000)
      shutdown     shutdown of subsystems (0x8000)
      disasm       disassembly service (0x10000)
  -s<url>          set agent listening port and protocol, default is tcp::0
  -S               print server properties in Json format to stdout
  -g<port>         start GDB Remote Serial Protocol server at the specified TCP port
  -I<idle-seconds> exit if there are no connections for the specified time

13:04:07 ERROR : Timed out. 60 seconds have elapsed while waiting for the XRT server to launch.
13:04:08 INFO  : Connected to target on host '127.0.0.1' and port '3121'.
13:04:27 INFO  : ----------------XSDB Script----------------
connect -url tcp:127.0.0.1:3121
----------------End of Script----------------

13:04:27 ERROR : Could not find ARM device on the board for connection 'Local'.
Check if the target is in:
1. Split JTAG - No operations are possible with ARM DAP.
2. Non JTAG bootmode - Bootrom may need time to enable DAP.
Please try again.


Troubleshooting hints:
1. Check whether board is connected to system properly.
2. In case of zynq board, check whether Digilent/Xilinx cable switch settings are correct.
3. If you are using Xilinx Platform Cable USB, ensure that status LED is green.
13:50:55 DEBUG : Logs will be stored at 'C:/Users/pcost/Documents/github/Dissertation/training/microzed_labs_vitis_ws/IDE.log'.
13:50:56 INFO  : Launching XSCT server: xsct.bat -n  -interactive C:\Users\pcost\Documents\github\Dissertation\training\microzed_labs_vitis_ws\temp_xsdb_launch_script.tcl
13:51:00 INFO  : Registering command handlers for Vitis TCF services
13:51:01 INFO  : XSCT server has started successfully.
13:51:01 INFO  : Platform repository initialization has completed.
13:51:04 INFO  : Successfully done setting XSCT server connection channel  
13:51:04 INFO  : plnx-install-location is set to ''
13:51:04 INFO  : Successfully done query RDI_DATADIR 
13:51:04 INFO  : Successfully done setting workspace for the tool. 
22:44:58 DEBUG : Logs will be stored at 'C:/Users/pcost/Documents/github/Dissertation/training/microzed_labs_vitis_ws/IDE.log'.
22:44:59 INFO  : Launching XSCT server: xsct.bat -n  -interactive C:\Users\pcost\Documents\github\Dissertation\training\microzed_labs_vitis_ws\temp_xsdb_launch_script.tcl
22:45:04 INFO  : Registering command handlers for Vitis TCF services
22:45:05 INFO  : XSCT server has started successfully.
22:45:05 INFO  : Platform repository initialization has completed.
22:45:09 INFO  : plnx-install-location is set to ''
22:45:09 INFO  : Successfully done setting XSCT server connection channel  
22:45:09 INFO  : Successfully done query RDI_DATADIR 
22:45:09 INFO  : Successfully done setting workspace for the tool. 
23:01:14 INFO  : Result from executing command 'getProjects': microzed_labs_platform
23:01:14 INFO  : Result from executing command 'getPlatforms': microzed_labs_platform|C:/Users/pcost/Documents/github/Dissertation/training/microzed_labs_vitis_ws/microzed_labs_platform/export/microzed_labs_platform/microzed_labs_platform.xpfm;xilinx_vck190_base_202220_1|E:/Pedro/Programs/Xilinx/Vitis/2022.2/base_platforms/xilinx_vck190_base_202220_1/xilinx_vck190_base_202220_1.xpfm;xilinx_vck190_base_dfx_202220_1|E:/Pedro/Programs/Xilinx/Vitis/2022.2/base_platforms/xilinx_vck190_base_dfx_202220_1/xilinx_vck190_base_dfx_202220_1.xpfm;xilinx_vmk180_base_202220_1|E:/Pedro/Programs/Xilinx/Vitis/2022.2/base_platforms/xilinx_vmk180_base_202220_1/xilinx_vmk180_base_202220_1.xpfm;xilinx_zcu102_base_202220_1|E:/Pedro/Programs/Xilinx/Vitis/2022.2/base_platforms/xilinx_zcu102_base_202220_1/xilinx_zcu102_base_202220_1.xpfm;xilinx_zcu102_base_dfx_202220_1|E:/Pedro/Programs/Xilinx/Vitis/2022.2/base_platforms/xilinx_zcu102_base_dfx_202220_1/xilinx_zcu102_base_dfx_202220_1.xpfm;xilinx_zcu104_base_202220_1|E:/Pedro/Programs/Xilinx/Vitis/2022.2/base_platforms/xilinx_zcu104_base_202220_1/xilinx_zcu104_base_202220_1.xpfm
23:01:16 INFO  : Checking for BSP changes to sync application flags for project 'microzed_lab3_application'...
23:04:03 INFO  : Checking for BSP changes to sync application flags for project 'microzed_lab3_application'...
23:04:38 INFO  : Checking for BSP changes to sync application flags for project 'microzed_lab3_application'...
23:05:08 INFO  : Checking for BSP changes to sync application flags for project 'microzed_lab3_application'...
23:11:47 INFO  : Invoking Bootgen: bootgen -image boot_lab3.bif -arch zynq -o C:/Users/pcost/Documents/github/Dissertation/training/bootfiles/BOOT.bin -w on
23:11:47 INFO  : Creating new bif file C:\Users\pcost\Documents\github\Dissertation\training\bootfiles\boot_lab3.bif
23:11:49 INFO  : Bootgen command execution is done.
23:33:17 INFO  : Checking for BSP changes to sync application flags for project 'microzed_lab4_application'...
23:36:33 INFO  : Invoking Bootgen: bootgen -image boot_lab4.bif -arch zynq -o C:/Users/pcost/Documents/github/Dissertation/training/bootfiles/BOOT.bin -w on
23:36:33 INFO  : Creating new bif file C:\Users\pcost\Documents\github\Dissertation\training\bootfiles\boot_lab4.bif
23:36:35 INFO  : Bootgen command execution is done.
21:56:08 DEBUG : Logs will be stored at 'C:/Users/pcost/Documents/github/Dissertation/training/microzed_labs_vitis_ws/IDE.log'.
21:56:09 INFO  : Launching XSCT server: xsct.bat -n  -interactive C:\Users\pcost\Documents\github\Dissertation\training\microzed_labs_vitis_ws\temp_xsdb_launch_script.tcl
21:56:14 INFO  : Registering command handlers for Vitis TCF services
21:56:14 INFO  : XSCT server has started successfully.
21:56:14 INFO  : plnx-install-location is set to ''
21:56:16 INFO  : Platform repository initialization has completed.
21:56:19 INFO  : Successfully done setting XSCT server connection channel  
21:56:19 INFO  : Successfully done query RDI_DATADIR 
21:56:19 INFO  : Successfully done setting workspace for the tool. 
21:56:35 ERROR : (XSDB Server)ERROR: [Hsi 55-1571] The design file C:/Users/pcost/Documents/github/Dissertation/training/microzed_labs_vitis_ws/microzed_labs_platform/export/microzed_labs_platform/hw/design_1_wrapper.xsa is already opened

21:56:35 INFO  : Generated template bif file for microzed_lab3_application_system
21:57:41 INFO  : Invoking Bootgen: bootgen -image boot_lab2.bif -arch zynq -o C:/Users/pcost/Documents/github/Dissertation/training/bootfiles/BOOT.bin -w on
21:57:43 INFO  : Bootgen command execution is done.
